#         eosio <= eosio::newaccount            {"creator":"eosio","name":"gmgenesis111","owner":{"threshold":1,"keys":[{"key":"EOS7zn6v2KMbcGzb2Kum...
#         eosio <= eosio::buyram                {"payer":"eosio","receiver":"gmgenesis111","quant":"200.0000 UOS"}
#   eosio.token <= eosio.token::transfer        {"from":"eosio","to":"eosio.ram","quantity":"199.0000 UOS","memo":"buy ram"}
#         eosio <= eosio.token::transfer        {"from":"eosio","to":"eosio.ram","quantity":"199.0000 UOS","memo":"buy ram"}
#     eosio.ram <= eosio.token::transfer        {"from":"eosio","to":"eosio.ram","quantity":"199.0000 UOS","memo":"buy ram"}
#   eosio.token <= eosio.token::transfer        {"from":"eosio","to":"eosio.ramfee","quantity":"1.0000 UOS","memo":"ram fee"}
#         eosio <= eosio.token::transfer        {"from":"eosio","to":"eosio.ramfee","quantity":"1.0000 UOS","memo":"ram fee"}
#  eosio.ramfee <= eosio.token::transfer        {"from":"eosio","to":"eosio.ramfee","quantity":"1.0000 UOS","memo":"ram fee"}
#         eosio <= eosio::delegatebw            {"from":"eosio","receiver":"gmgenesis111","stake_net_quantity":"200.0000 UOS","stake_cpu_quantity":"...
#   eosio.token <= eosio.token::transfer        {"from":"eosio","to":"eosio.stake","quantity":"400.0000 UOS","memo":"stake bandwidth"}
#         eosio <= eosio.token::transfer        {"from":"eosio","to":"eosio.stake","quantity":"400.0000 UOS","memo":"stake bandwidth"}
#   eosio.stake <= eosio.token::transfer        {"from":"eosio","to":"eosio.stake","quantity":"400.0000 UOS","memo":"stake bandwidth"}
#         eosio <= eosio::newaccount            {"creator":"eosio","name":"hegenesis111","owner":{"threshold":1,"keys":[{"key":"EOS5C6LCQPAiRFZdx2ka...
#         eosio <= eosio::buyram                {"payer":"eosio","receiver":"hegenesis111","quant":"200.0000 UOS"}
#   eosio.token <= eosio.token::transfer        {"from":"eosio","to":"eosio.ram","quantity":"199.0000 UOS","memo":"buy ram"}
#         eosio <= eosio.token::transfer        {"from":"eosio","to":"eosio.ram","quantity":"199.0000 UOS","memo":"buy ram"}
#     eosio.ram <= eosio.token::transfer        {"from":"eosio","to":"eosio.ram","quantity":"199.0000 UOS","memo":"buy ram"}
#   eosio.token <= eosio.token::transfer        {"from":"eosio","to":"eosio.ramfee","quantity":"1.0000 UOS","memo":"ram fee"}
#         eosio <= eosio.token::transfer        {"from":"eosio","to":"eosio.ramfee","quantity":"1.0000 UOS","memo":"ram fee"}
#  eosio.ramfee <= eosio.token::transfer        {"from":"eosio","to":"eosio.ramfee","quantity":"1.0000 UOS","memo":"ram fee"}
#         eosio <= eosio::delegatebw            {"from":"eosio","receiver":"hegenesis111","stake_net_quantity":"200.0000 UOS","stake_cpu_quantity":"...
#   eosio.token <= eosio.token::transfer        {"from":"eosio","to":"eosio.stake","quantity":"400.0000 UOS","memo":"stake bandwidth"}
#         eosio <= eosio.token::transfer        {"from":"eosio","to":"eosio.stake","quantity":"400.0000 UOS","memo":"stake bandwidth"}
#   eosio.stake <= eosio.token::transfer        {"from":"eosio","to":"eosio.stake","quantity":"400.0000 UOS","memo":"stake bandwidth"}
#         eosio <= eosio::newaccount            {"creator":"eosio","name":"hegenesis111","owner":{"threshold":1,"keys":[{"key":"EOS5C6LCQPAiRFZdx2ka...
#         eosio <= eosio::buyram                {"payer":"eosio","receiver":"hegenesis111","quant":"200.0000 UOS"}
#   eosio.token <= eosio.token::transfer        {"from":"eosio","to":"eosio.ram","quantity":"199.0000 UOS","memo":"buy ram"}
#         eosio <= eosio.token::transfer        {"from":"eosio","to":"eosio.ram","quantity":"199.0000 UOS","memo":"buy ram"}
#     eosio.ram <= eosio.token::transfer        {"from":"eosio","to":"eosio.ram","quantity":"199.0000 UOS","memo":"buy ram"}
#   eosio.token <= eosio.token::transfer        {"from":"eosio","to":"eosio.ramfee","quantity":"1.0000 UOS","memo":"ram fee"}
#         eosio <= eosio.token::transfer        {"from":"eosio","to":"eosio.ramfee","quantity":"1.0000 UOS","memo":"ram fee"}
#  eosio.ramfee <= eosio.token::transfer        {"from":"eosio","to":"eosio.ramfee","quantity":"1.0000 UOS","memo":"ram fee"}
#         eosio <= eosio::delegatebw            {"from":"eosio","receiver":"hegenesis111","stake_net_quantity":"200.0000 UOS","stake_cpu_quantity":"...
#   eosio.token <= eosio.token::transfer        {"from":"eosio","to":"eosio.stake","quantity":"400.0000 UOS","memo":"stake bandwidth"}
#         eosio <= eosio.token::transfer        {"from":"eosio","to":"eosio.stake","quantity":"400.0000 UOS","memo":"stake bandwidth"}
#   eosio.stake <= eosio.token::transfer        {"from":"eosio","to":"eosio.stake","quantity":"400.0000 UOS","memo":"stake bandwidth"}
#         eosio <= eosio::newaccount            {"creator":"eosio","name":"hagenesis111","owner":{"threshold":1,"keys":[{"key":"EOS5tRjHNDPMxQfmejsG...
#         eosio <= eosio::buyram                {"payer":"eosio","receiver":"hagenesis111","quant":"200.0000 UOS"}
#   eosio.token <= eosio.token::transfer        {"from":"eosio","to":"eosio.ram","quantity":"199.0000 UOS","memo":"buy ram"}
#         eosio <= eosio.token::transfer        {"from":"eosio","to":"eosio.ram","quantity":"199.0000 UOS","memo":"buy ram"}
#     eosio.ram <= eosio.token::transfer        {"from":"eosio","to":"eosio.ram","quantity":"199.0000 UOS","memo":"buy ram"}
#   eosio.token <= eosio.token::transfer        {"from":"eosio","to":"eosio.ramfee","quantity":"1.0000 UOS","memo":"ram fee"}
#         eosio <= eosio.token::transfer        {"from":"eosio","to":"eosio.ramfee","quantity":"1.0000 UOS","memo":"ram fee"}
#  eosio.ramfee <= eosio.token::transfer        {"from":"eosio","to":"eosio.ramfee","quantity":"1.0000 UOS","memo":"ram fee"}
#         eosio <= eosio::delegatebw            {"from":"eosio","receiver":"hagenesis111","stake_net_quantity":"200.0000 UOS","stake_cpu_quantity":"...
#   eosio.token <= eosio.token::transfer        {"from":"eosio","to":"eosio.stake","quantity":"400.0000 UOS","memo":"stake bandwidth"}
#         eosio <= eosio.token::transfer        {"from":"eosio","to":"eosio.stake","quantity":"400.0000 UOS","memo":"stake bandwidth"}
#   eosio.stake <= eosio.token::transfer        {"from":"eosio","to":"eosio.stake","quantity":"400.0000 UOS","memo":"stake bandwidth"}
#         eosio <= eosio::newaccount            {"creator":"eosio","name":"gygenesis111","owner":{"threshold":1,"keys":[{"key":"EOS5KFXy8LiruGAQqY1p...
#         eosio <= eosio::buyram                {"payer":"eosio","receiver":"gygenesis111","quant":"200.0000 UOS"}
#   eosio.token <= eosio.token::transfer        {"from":"eosio","to":"eosio.ram","quantity":"199.0000 UOS","memo":"buy ram"}
#         eosio <= eosio.token::transfer        {"from":"eosio","to":"eosio.ram","quantity":"199.0000 UOS","memo":"buy ram"}
#     eosio.ram <= eosio.token::transfer        {"from":"eosio","to":"eosio.ram","quantity":"199.0000 UOS","memo":"buy ram"}
#   eosio.token <= eosio.token::transfer        {"from":"eosio","to":"eosio.ramfee","quantity":"1.0000 UOS","memo":"ram fee"}
#         eosio <= eosio.token::transfer        {"from":"eosio","to":"eosio.ramfee","quantity":"1.0000 UOS","memo":"ram fee"}
#  eosio.ramfee <= eosio.token::transfer        {"from":"eosio","to":"eosio.ramfee","quantity":"1.0000 UOS","memo":"ram fee"}
#         eosio <= eosio::delegatebw            {"from":"eosio","receiver":"gygenesis111","stake_net_quantity":"200.0000 UOS","stake_cpu_quantity":"...
#   eosio.token <= eosio.token::transfer        {"from":"eosio","to":"eosio.stake","quantity":"400.0000 UOS","memo":"stake bandwidth"}
#         eosio <= eosio.token::transfer        {"from":"eosio","to":"eosio.stake","quantity":"400.0000 UOS","memo":"stake bandwidth"}
#   eosio.stake <= eosio.token::transfer        {"from":"eosio","to":"eosio.stake","quantity":"400.0000 UOS","memo":"stake bandwidth"}
#         eosio <= eosio::newaccount            {"creator":"eosio","name":"gugenesis111","owner":{"threshold":1,"keys":[{"key":"EOS5ddoxYRDrNgssueFX...
#         eosio <= eosio::buyram                {"payer":"eosio","receiver":"gugenesis111","quant":"200.0000 UOS"}
#   eosio.token <= eosio.token::transfer        {"from":"eosio","to":"eosio.ram","quantity":"199.0000 UOS","memo":"buy ram"}
#         eosio <= eosio.token::transfer        {"from":"eosio","to":"eosio.ram","quantity":"199.0000 UOS","memo":"buy ram"}
#     eosio.ram <= eosio.token::transfer        {"from":"eosio","to":"eosio.ram","quantity":"199.0000 UOS","memo":"buy ram"}
#   eosio.token <= eosio.token::transfer        {"from":"eosio","to":"eosio.ramfee","quantity":"1.0000 UOS","memo":"ram fee"}
#         eosio <= eosio.token::transfer        {"from":"eosio","to":"eosio.ramfee","quantity":"1.0000 UOS","memo":"ram fee"}
#  eosio.ramfee <= eosio.token::transfer        {"from":"eosio","to":"eosio.ramfee","quantity":"1.0000 UOS","memo":"ram fee"}
#         eosio <= eosio::delegatebw            {"from":"eosio","receiver":"gugenesis111","stake_net_quantity":"200.0000 UOS","stake_cpu_quantity":"...
#   eosio.token <= eosio.token::transfer        {"from":"eosio","to":"eosio.stake","quantity":"400.0000 UOS","memo":"stake bandwidth"}
#         eosio <= eosio.token::transfer        {"from":"eosio","to":"eosio.stake","quantity":"400.0000 UOS","memo":"stake bandwidth"}
#   eosio.stake <= eosio.token::transfer        {"from":"eosio","to":"eosio.stake","quantity":"400.0000 UOS","memo":"stake bandwidth"}
#         eosio <= eosio::newaccount            {"creator":"eosio","name":"gmgenesis111","owner":{"threshold":1,"keys":[{"key":"EOS7zn6v2KMbcGzb2Kum...
#         eosio <= eosio::buyram                {"payer":"eosio","receiver":"gmgenesis111","quant":"200.0000 UOS"}
#   eosio.token <= eosio.token::transfer        {"from":"eosio","to":"eosio.ram","quantity":"199.0000 UOS","memo":"buy ram"}
#         eosio <= eosio.token::transfer        {"from":"eosio","to":"eosio.ram","quantity":"199.0000 UOS","memo":"buy ram"}
#     eosio.ram <= eosio.token::transfer        {"from":"eosio","to":"eosio.ram","quantity":"199.0000 UOS","memo":"buy ram"}
#   eosio.token <= eosio.token::transfer        {"from":"eosio","to":"eosio.ramfee","quantity":"1.0000 UOS","memo":"ram fee"}
#         eosio <= eosio.token::transfer        {"from":"eosio","to":"eosio.ramfee","quantity":"1.0000 UOS","memo":"ram fee"}
#  eosio.ramfee <= eosio.token::transfer        {"from":"eosio","to":"eosio.ramfee","quantity":"1.0000 UOS","memo":"ram fee"}
#         eosio <= eosio::delegatebw            {"from":"eosio","receiver":"gmgenesis111","stake_net_quantity":"200.0000 UOS","stake_cpu_quantity":"...
#   eosio.token <= eosio.token::transfer        {"from":"eosio","to":"eosio.stake","quantity":"400.0000 UOS","memo":"stake bandwidth"}
#         eosio <= eosio.token::transfer        {"from":"eosio","to":"eosio.stake","quantity":"400.0000 UOS","memo":"stake bandwidth"}
#   eosio.stake <= eosio.token::transfer        {"from":"eosio","to":"eosio.stake","quantity":"400.0000 UOS","memo":"stake bandwidth"}
#         eosio <= eosio::newaccount            {"creator":"eosio","name":"hagenesis111","owner":{"threshold":1,"keys":[{"key":"EOS5tRjHNDPMxQfmejsG...
#         eosio <= eosio::buyram                {"payer":"eosio","receiver":"hagenesis111","quant":"200.0000 UOS"}
#   eosio.token <= eosio.token::transfer        {"from":"eosio","to":"eosio.ram","quantity":"199.0000 UOS","memo":"buy ram"}
#         eosio <= eosio.token::transfer        {"from":"eosio","to":"eosio.ram","quantity":"199.0000 UOS","memo":"buy ram"}
#     eosio.ram <= eosio.token::transfer        {"from":"eosio","to":"eosio.ram","quantity":"199.0000 UOS","memo":"buy ram"}
#   eosio.token <= eosio.token::transfer        {"from":"eosio","to":"eosio.ramfee","quantity":"1.0000 UOS","memo":"ram fee"}
#         eosio <= eosio.token::transfer        {"from":"eosio","to":"eosio.ramfee","quantity":"1.0000 UOS","memo":"ram fee"}
#  eosio.ramfee <= eosio.token::transfer        {"from":"eosio","to":"eosio.ramfee","quantity":"1.0000 UOS","memo":"ram fee"}
#         eosio <= eosio::delegatebw            {"from":"eosio","receiver":"hagenesis111","stake_net_quantity":"200.0000 UOS","stake_cpu_quantity":"...
#   eosio.token <= eosio.token::transfer        {"from":"eosio","to":"eosio.stake","quantity":"400.0000 UOS","memo":"stake bandwidth"}
#         eosio <= eosio.token::transfer        {"from":"eosio","to":"eosio.stake","quantity":"400.0000 UOS","memo":"stake bandwidth"}
#   eosio.stake <= eosio.token::transfer        {"from":"eosio","to":"eosio.stake","quantity":"400.0000 UOS","memo":"stake bandwidth"}
#         eosio <= eosio::newaccount            {"creator":"eosio","name":"gygenesis111","owner":{"threshold":1,"keys":[{"key":"EOS5KFXy8LiruGAQqY1p...
#         eosio <= eosio::buyram                {"payer":"eosio","receiver":"gygenesis111","quant":"200.0000 UOS"}
#   eosio.token <= eosio.token::transfer        {"from":"eosio","to":"eosio.ram","quantity":"199.0000 UOS","memo":"buy ram"}
#         eosio <= eosio.token::transfer        {"from":"eosio","to":"eosio.ram","quantity":"199.0000 UOS","memo":"buy ram"}
#     eosio.ram <= eosio.token::transfer        {"from":"eosio","to":"eosio.ram","quantity":"199.0000 UOS","memo":"buy ram"}
#   eosio.token <= eosio.token::transfer        {"from":"eosio","to":"eosio.ramfee","quantity":"1.0000 UOS","memo":"ram fee"}
#         eosio <= eosio.token::transfer        {"from":"eosio","to":"eosio.ramfee","quantity":"1.0000 UOS","memo":"ram fee"}
#  eosio.ramfee <= eosio.token::transfer        {"from":"eosio","to":"eosio.ramfee","quantity":"1.0000 UOS","memo":"ram fee"}
#         eosio <= eosio::delegatebw            {"from":"eosio","receiver":"gygenesis111","stake_net_quantity":"200.0000 UOS","stake_cpu_quantity":"...
#   eosio.token <= eosio.token::transfer        {"from":"eosio","to":"eosio.stake","quantity":"400.0000 UOS","memo":"stake bandwidth"}
#         eosio <= eosio.token::transfer        {"from":"eosio","to":"eosio.stake","quantity":"400.0000 UOS","memo":"stake bandwidth"}
#   eosio.stake <= eosio.token::transfer        {"from":"eosio","to":"eosio.stake","quantity":"400.0000 UOS","memo":"stake bandwidth"}
#         eosio <= eosio::newaccount            {"creator":"eosio","name":"gugenesis111","owner":{"threshold":1,"keys":[{"key":"EOS5ddoxYRDrNgssueFX...
#         eosio <= eosio::buyram                {"payer":"eosio","receiver":"gugenesis111","quant":"200.0000 UOS"}
#   eosio.token <= eosio.token::transfer        {"from":"eosio","to":"eosio.ram","quantity":"199.0000 UOS","memo":"buy ram"}
#         eosio <= eosio.token::transfer        {"from":"eosio","to":"eosio.ram","quantity":"199.0000 UOS","memo":"buy ram"}
#     eosio.ram <= eosio.token::transfer        {"from":"eosio","to":"eosio.ram","quantity":"199.0000 UOS","memo":"buy ram"}
#   eosio.token <= eosio.token::transfer        {"from":"eosio","to":"eosio.ramfee","quantity":"1.0000 UOS","memo":"ram fee"}
#         eosio <= eosio.token::transfer        {"from":"eosio","to":"eosio.ramfee","quantity":"1.0000 UOS","memo":"ram fee"}
#  eosio.ramfee <= eosio.token::transfer        {"from":"eosio","to":"eosio.ramfee","quantity":"1.0000 UOS","memo":"ram fee"}
#         eosio <= eosio::delegatebw            {"from":"eosio","receiver":"gugenesis111","stake_net_quantity":"200.0000 UOS","stake_cpu_quantity":"...
#   eosio.token <= eosio.token::transfer        {"from":"eosio","to":"eosio.stake","quantity":"400.0000 UOS","memo":"stake bandwidth"}
#         eosio <= eosio.token::transfer        {"from":"eosio","to":"eosio.stake","quantity":"400.0000 UOS","memo":"stake bandwidth"}
#   eosio.stake <= eosio.token::transfer        {"from":"eosio","to":"eosio.stake","quantity":"400.0000 UOS","memo":"stake bandwidth"}
#         eosio <= eosio::newaccount            {"creator":"eosio","name":"gmgenesis111","owner":{"threshold":1,"keys":[{"key":"EOS7zn6v2KMbcGzb2Kum...
#         eosio <= eosio::buyram                {"payer":"eosio","receiver":"gmgenesis111","quant":"200.0000 UOS"}
#   eosio.token <= eosio.token::transfer        {"from":"eosio","to":"eosio.ram","quantity":"199.0000 UOS","memo":"buy ram"}
#         eosio <= eosio.token::transfer        {"from":"eosio","to":"eosio.ram","quantity":"199.0000 UOS","memo":"buy ram"}
#     eosio.ram <= eosio.token::transfer        {"from":"eosio","to":"eosio.ram","quantity":"199.0000 UOS","memo":"buy ram"}
#   eosio.token <= eosio.token::transfer        {"from":"eosio","to":"eosio.ramfee","quantity":"1.0000 UOS","memo":"ram fee"}
#         eosio <= eosio.token::transfer        {"from":"eosio","to":"eosio.ramfee","quantity":"1.0000 UOS","memo":"ram fee"}
#  eosio.ramfee <= eosio.token::transfer        {"from":"eosio","to":"eosio.ramfee","quantity":"1.0000 UOS","memo":"ram fee"}
#         eosio <= eosio::delegatebw            {"from":"eosio","receiver":"gmgenesis111","stake_net_quantity":"200.0000 UOS","stake_cpu_quantity":"...
#   eosio.token <= eosio.token::transfer        {"from":"eosio","to":"eosio.stake","quantity":"400.0000 UOS","memo":"stake bandwidth"}
#         eosio <= eosio.token::transfer        {"from":"eosio","to":"eosio.stake","quantity":"400.0000 UOS","memo":"stake bandwidth"}
#   eosio.stake <= eosio.token::transfer        {"from":"eosio","to":"eosio.stake","quantity":"400.0000 UOS","memo":"stake bandwidth"}
#         eosio <= eosio::newaccount            {"creator":"eosio","name":"hegenesis111","owner":{"threshold":1,"keys":[{"key":"EOS5C6LCQPAiRFZdx2ka...
#         eosio <= eosio::buyram                {"payer":"eosio","receiver":"hegenesis111","quant":"200.0000 UOS"}
#   eosio.token <= eosio.token::transfer        {"from":"eosio","to":"eosio.ram","quantity":"199.0000 UOS","memo":"buy ram"}
#         eosio <= eosio.token::transfer        {"from":"eosio","to":"eosio.ram","quantity":"199.0000 UOS","memo":"buy ram"}
#     eosio.ram <= eosio.token::transfer        {"from":"eosio","to":"eosio.ram","quantity":"199.0000 UOS","memo":"buy ram"}
#   eosio.token <= eosio.token::transfer        {"from":"eosio","to":"eosio.ramfee","quantity":"1.0000 UOS","memo":"ram fee"}
#         eosio <= eosio.token::transfer        {"from":"eosio","to":"eosio.ramfee","quantity":"1.0000 UOS","memo":"ram fee"}
#  eosio.ramfee <= eosio.token::transfer        {"from":"eosio","to":"eosio.ramfee","quantity":"1.0000 UOS","memo":"ram fee"}
#         eosio <= eosio::delegatebw            {"from":"eosio","receiver":"hegenesis111","stake_net_quantity":"200.0000 UOS","stake_cpu_quantity":"...
#   eosio.token <= eosio.token::transfer        {"from":"eosio","to":"eosio.stake","quantity":"400.0000 UOS","memo":"stake bandwidth"}
#         eosio <= eosio.token::transfer        {"from":"eosio","to":"eosio.stake","quantity":"400.0000 UOS","memo":"stake bandwidth"}
#   eosio.stake <= eosio.token::transfer        {"from":"eosio","to":"eosio.stake","quantity":"400.0000 UOS","memo":"stake bandwidth"}
